<?xml version="1.0" encoding="UTF-8"?>
<!-- Generated by org.testng.reporters.JUnitXMLReporter -->
<testsuite ignored="0" hostname="KN-PF2Q3K8K" failures="0" tests="6" name="Annotations" time="0.152" errors="0" timestamp="2024-04-13T17:24:37 IST">
  <testcase classname="TestNG02PrioritizingTestCases" name="ApiLoginCarLoan" time="0.022"/>
  <testcase classname="TestNG02PrioritizingTestCases" name="mobileLoginCarLoan" time="0.003"/>
  <testcase classname="TestNG02PrioritizingTestCases" name="webLoginCarLoan" time="0.003"/>
  <testcase classname="TestNG02PrioritizingTestCases2" name="ApiLoginHomeLoan" time="0.003"/>
  <testcase classname="TestNG02PrioritizingTestCases2" name="mobileLoginHomeLoan" time="0.003"/>
  <testcase classname="TestNG02PrioritizingTestCases2" name="webLoginHomeLoan" time="0.004"/>
</testsuite> <!-- Annotations -->
