<?xml version="1.0" encoding="UTF-8"?>
<!-- Generated by org.testng.reporters.JUnitXMLReporter -->
<testsuite ignored="1" hostname="KN-PF2Q3K8K" failures="0" tests="2" name="Car Loan" time="0.017" errors="0" timestamp="2024-04-13T16:46:45 IST">
  <testcase classname="TestNG02PrioritizingTestCases" name="ApiLoginCarLoan" time="0.003"/>
  <testcase classname="TestNG02PrioritizingTestCases" name="webLoginCarLoan" time="0.004"/>
  <testcase classname="TestNG02PrioritizingTestCases" name="mobileLoginCarLoan" time="0.0">
    <ignored/>
  </testcase> <!-- mobileLoginCarLoan -->
</testsuite> <!-- Car Loan -->
