<?xml version="1.0" encoding="UTF-8"?>
<!-- Generated by org.testng.reporters.JUnitXMLReporter -->
<testsuite ignored="2" hostname="KN-PF2Q3K8K" failures="0" tests="1" name="Home Loan" time="0.009" errors="0" timestamp="2024-04-13T16:46:45 IST">
  <testcase classname="TestNG02PrioritizingTestCases2" name="mobileLoginHomeLoan" time="0.003"/>
  <testcase classname="TestNG02PrioritizingTestCases2" name="webLoginHomeLoan" time="0.0">
    <ignored/>
  </testcase> <!-- webLoginHomeLoan -->
  <testcase classname="TestNG02PrioritizingTestCases2" name="ApiLoginHomeLoan" time="0.0">
    <ignored/>
  </testcase> <!-- ApiLoginHomeLoan -->
</testsuite> <!-- Home Loan -->
